<?xml version="1.0" encoding="UTF-8"?>
<testsuite xmlns:xsi="http://www.w3.org/2001/XMLSchema-instance" xsi:noNamespaceSchemaLocation="https://maven.apache.org/surefire/maven-surefire-plugin/xsd/surefire-test-report.xsd" name="Persistence.PersistenceInscricaoTest" time="0.074" tests="4" errors="0" skipped="0" failures="0">
  <properties>
[...]
</properties>
  <testcase name="testGetTodos" classname="Persistence.PersistenceInscricaoTest" time="0.011"/>
  <testcase name="testDeleteInscricao" classname="Persistence.PersistenceInscricaoTest" time="0.011"/>
  <testcase name="testAddInscricao" classname="Persistence.PersistenceInscricaoTest" time="0.013"/>
  <testcase name="testUpdateInscricao" classname="Persistence.PersistenceInscricaoTest" time="0.026"/>
</testsuite>